<?xml version="1.0" encoding="UTF-8"?>
<robot generator="Robot 3.1.2 (Python 3.7.1 on win32)" generated="20190929 21:27:03.243" rpa="false">
<suite id="s1" name="TC 007 ValidateStatusCode Keyword" source="D:\Projetos\Robot-Framework\development\robot-scripts\RestAPI-Scripts\TC_007_ValidateStatusCode_Keyword.robot">
<test id="s1-t1" name="TC_001_Fetch_Student_details_by_id">
<kw name="Fetch and Validate Get Status Code" library="UserKeyword">
<arguments>
<arg>145902</arg>
<arg>200</arg>
</arguments>
<kw name="Create Session" library="RequestsLibrary">
<doc>Create Session: create a HTTP session to a server</doc>
<arguments>
<arg>SName</arg>
<arg>${Base_URL}</arg>
</arguments>
<msg timestamp="20190929 21:27:03.485" level="INFO">Creating Session using : alias=SName, url=http://thetestingworldapi.com, headers={},                     cookies=None, auth=None, timeout=None, proxies=None, verify=False,                     debug=0 </msg>
<status status="PASS" starttime="20190929 21:27:03.485" endtime="20190929 21:27:03.485"></status>
</kw>
<kw name="Get Request" library="RequestsLibrary">
<doc>Send a GET request on the session object found using the
given `alias`</doc>
<arguments>
<arg>SName</arg>
<arg>api/studentsDetails/${studentId}</arg>
</arguments>
<assign>
<var>${response}</var>
</assign>
<msg timestamp="20190929 21:27:03.987" level="INFO">Get Request using : alias=SName, uri=api/studentsDetails/145902, headers=None json=None</msg>
<msg timestamp="20190929 21:27:03.987" level="INFO">${response} = &lt;Response [200]&gt;</msg>
<status status="PASS" starttime="20190929 21:27:03.485" endtime="20190929 21:27:03.987"></status>
</kw>
<kw name="Convert To String" library="BuiltIn">
<doc>Converts the given item to a Unicode string.</doc>
<arguments>
<arg>${response.status_code}</arg>
</arguments>
<assign>
<var>${actual_code}</var>
</assign>
<msg timestamp="20190929 21:27:03.988" level="INFO">${actual_code} = 200</msg>
<status status="PASS" starttime="20190929 21:27:03.987" endtime="20190929 21:27:03.988"></status>
</kw>
<kw name="Should Be Equal" library="BuiltIn">
<doc>Fails if the given objects are unequal.</doc>
<arguments>
<arg>${expectedStatusCode}</arg>
<arg>${actual_code}</arg>
</arguments>
<status status="PASS" starttime="20190929 21:27:03.988" endtime="20190929 21:27:03.988"></status>
</kw>
<kw name="Log To Console" library="BuiltIn">
<doc>Logs the given message to the console.</doc>
<arguments>
<arg>${response.status_code}</arg>
</arguments>
<status status="PASS" starttime="20190929 21:27:03.988" endtime="20190929 21:27:03.989"></status>
</kw>
<kw name="Log To Console" library="BuiltIn">
<doc>Logs the given message to the console.</doc>
<arguments>
<arg>${response.content}</arg>
</arguments>
<status status="PASS" starttime="20190929 21:27:03.989" endtime="20190929 21:27:03.990"></status>
</kw>
<status status="PASS" starttime="20190929 21:27:03.484" endtime="20190929 21:27:03.990"></status>
</kw>
<kw name="Fetch and Return Get Response" library="UserKeyword">
<arguments>
<arg>145902</arg>
</arguments>
<assign>
<var>${response}</var>
</assign>
<kw name="Create Session" library="RequestsLibrary">
<doc>Create Session: create a HTTP session to a server</doc>
<arguments>
<arg>SName</arg>
<arg>${Base_URL}</arg>
</arguments>
<msg timestamp="20190929 21:27:03.992" level="INFO">Creating Session using : alias=SName, url=http://thetestingworldapi.com, headers={},                     cookies=None, auth=None, timeout=None, proxies=None, verify=False,                     debug=0 </msg>
<status status="PASS" starttime="20190929 21:27:03.991" endtime="20190929 21:27:03.992"></status>
</kw>
<kw name="Get Request" library="RequestsLibrary">
<doc>Send a GET request on the session object found using the
given `alias`</doc>
<arguments>
<arg>SName</arg>
<arg>api/studentsDetails/${studentId}</arg>
</arguments>
<assign>
<var>${response}</var>
</assign>
<msg timestamp="20190929 21:27:04.314" level="INFO">Get Request using : alias=SName, uri=api/studentsDetails/145902, headers=None json=None</msg>
<msg timestamp="20190929 21:27:04.315" level="INFO">${response} = &lt;Response [200]&gt;</msg>
<status status="PASS" starttime="20190929 21:27:03.992" endtime="20190929 21:27:04.315"></status>
</kw>
<msg timestamp="20190929 21:27:04.315" level="INFO">${response} = &lt;Response [200]&gt;</msg>
<status status="PASS" starttime="20190929 21:27:03.991" endtime="20190929 21:27:04.315"></status>
</kw>
<kw name="Log To Console" library="BuiltIn">
<doc>Logs the given message to the console.</doc>
<arguments>
<arg>${response}</arg>
</arguments>
<status status="PASS" starttime="20190929 21:27:04.316" endtime="20190929 21:27:04.316"></status>
</kw>
<kw name="Fetch and Return Get Response" library="UserKeyword">
<arguments>
<arg>145903</arg>
</arguments>
<assign>
<var>${response1}</var>
</assign>
<kw name="Create Session" library="RequestsLibrary">
<doc>Create Session: create a HTTP session to a server</doc>
<arguments>
<arg>SName</arg>
<arg>${Base_URL}</arg>
</arguments>
<msg timestamp="20190929 21:27:04.317" level="INFO">Creating Session using : alias=SName, url=http://thetestingworldapi.com, headers={},                     cookies=None, auth=None, timeout=None, proxies=None, verify=False,                     debug=0 </msg>
<status status="PASS" starttime="20190929 21:27:04.317" endtime="20190929 21:27:04.317"></status>
</kw>
<kw name="Get Request" library="RequestsLibrary">
<doc>Send a GET request on the session object found using the
given `alias`</doc>
<arguments>
<arg>SName</arg>
<arg>api/studentsDetails/${studentId}</arg>
</arguments>
<assign>
<var>${response}</var>
</assign>
<msg timestamp="20190929 21:27:04.786" level="INFO">Get Request using : alias=SName, uri=api/studentsDetails/145903, headers=None json=None</msg>
<msg timestamp="20190929 21:27:04.787" level="INFO">${response} = &lt;Response [200]&gt;</msg>
<status status="PASS" starttime="20190929 21:27:04.317" endtime="20190929 21:27:04.787"></status>
</kw>
<msg timestamp="20190929 21:27:04.788" level="INFO">${response1} = &lt;Response [200]&gt;</msg>
<status status="PASS" starttime="20190929 21:27:04.317" endtime="20190929 21:27:04.788"></status>
</kw>
<kw name="Log To Console" library="BuiltIn">
<doc>Logs the given message to the console.</doc>
<arguments>
<arg>${response1}</arg>
</arguments>
<status status="PASS" starttime="20190929 21:27:04.790" endtime="20190929 21:27:04.791"></status>
</kw>
<status status="PASS" starttime="20190929 21:27:03.483" endtime="20190929 21:27:04.793" critical="yes"></status>
</test>
<status status="PASS" starttime="20190929 21:27:03.244" endtime="20190929 21:27:04.796"></status>
</suite>
<statistics>
<total>
<stat pass="1" fail="0">Critical Tests</stat>
<stat pass="1" fail="0">All Tests</stat>
</total>
<tag>
</tag>
<suite>
<stat pass="1" fail="0" id="s1" name="TC 007 ValidateStatusCode Keyword">TC 007 ValidateStatusCode Keyword</stat>
</suite>
</statistics>
<errors>
</errors>
</robot>
